2024-05-11 00:51:06.472 | INFO     | __main__:<module>:56 - hyparam:
2024-05-11 00:51:06.472 | INFO     | __main__:<module>:57 - Namespace(mode='test', render=False, env_name='LunarLanderContinuous-v2', tau=0.001, target_update_interval=1, test_iteration=200, lr_actor=0.0001, lr_critic=0.001, gamma=0.99, capacity=1000000.0, batch_size=64, seed=False, random_seed=9527, max_length_of_trajectory=330, log_interval=20, load=False, exploration_noise=0.1, max_episode=100000, best_w_file='w/actor_best.pth_rw 256.31_s256.31416308958643', update_iteration=30)
2024-05-11 00:51:08.219 | INFO     | __main__:<module>:60 - using:cuda
2024-05-11 00:51:09.356 | INFO     | __main__:test_mode:306 - test mode. ep  0 steps:330 reward: 148.51
2024-05-11 00:51:09.444 | INFO     | __main__:test_mode:306 - test mode. ep  1 steps:330 reward: 158.33
2024-05-11 00:51:09.518 | INFO     | __main__:test_mode:306 - test mode. ep  2 steps:276 reward: 259.39
2024-05-11 00:51:09.579 | INFO     | __main__:test_mode:306 - test mode. ep  3 steps:229 reward: 232.80
2024-05-11 00:51:09.647 | INFO     | __main__:test_mode:306 - test mode. ep  4 steps:253 reward: 285.16
2024-05-11 00:51:09.722 | INFO     | __main__:test_mode:306 - test mode. ep  5 steps:277 reward: 260.40
2024-05-11 00:51:09.789 | INFO     | __main__:test_mode:306 - test mode. ep  6 steps:251 reward: 262.00
2024-05-11 00:51:09.871 | INFO     | __main__:test_mode:306 - test mode. ep  7 steps:300 reward: 254.54
2024-05-11 00:51:09.950 | INFO     | __main__:test_mode:306 - test mode. ep  8 steps:283 reward: 275.83
2024-05-11 00:51:10.041 | INFO     | __main__:test_mode:306 - test mode. ep  9 steps:330 reward:  87.62
2024-05-11 00:51:10.136 | INFO     | __main__:test_mode:306 - test mode. ep 10 steps:330 reward: 125.35
2024-05-11 00:51:10.206 | INFO     | __main__:test_mode:306 - test mode. ep 11 steps:233 reward: 273.42
2024-05-11 00:51:10.282 | INFO     | __main__:test_mode:306 - test mode. ep 12 steps:264 reward: 269.82
2024-05-11 00:51:10.367 | INFO     | __main__:test_mode:306 - test mode. ep 13 steps:287 reward: 289.50
2024-05-11 00:51:10.447 | INFO     | __main__:test_mode:306 - test mode. ep 14 steps:278 reward: 285.62
2024-05-11 00:51:10.519 | INFO     | __main__:test_mode:306 - test mode. ep 15 steps:252 reward: 230.41
2024-05-11 00:51:10.573 | INFO     | __main__:test_mode:306 - test mode. ep 16 steps:187 reward: 254.68
2024-05-11 00:51:10.653 | INFO     | __main__:test_mode:306 - test mode. ep 17 steps:283 reward: 272.44
2024-05-11 00:51:10.712 | INFO     | __main__:test_mode:306 - test mode. ep 18 steps:208 reward:   4.18
2024-05-11 00:51:10.765 | INFO     | __main__:test_mode:306 - test mode. ep 19 steps:183 reward: 258.59
2024-05-11 00:51:10.829 | INFO     | __main__:test_mode:306 - test mode. ep 20 steps:222 reward: 222.61
2024-05-11 00:51:10.923 | INFO     | __main__:test_mode:306 - test mode. ep 21 steps:330 reward:  86.66
2024-05-11 00:51:11.014 | INFO     | __main__:test_mode:306 - test mode. ep 22 steps:330 reward: 174.81
2024-05-11 00:51:11.073 | INFO     | __main__:test_mode:306 - test mode. ep 23 steps:210 reward: 237.87
2024-05-11 00:51:11.161 | INFO     | __main__:test_mode:306 - test mode. ep 24 steps:320 reward: 272.63
2024-05-11 00:51:11.255 | INFO     | __main__:test_mode:306 - test mode. ep 25 steps:330 reward: 105.33
2024-05-11 00:51:11.331 | INFO     | __main__:test_mode:306 - test mode. ep 26 steps:257 reward: 272.23
2024-05-11 00:51:11.426 | INFO     | __main__:test_mode:306 - test mode. ep 27 steps:330 reward: 172.43
2024-05-11 00:51:11.505 | INFO     | __main__:test_mode:306 - test mode. ep 28 steps:267 reward: 258.34
2024-05-11 00:51:11.588 | INFO     | __main__:test_mode:306 - test mode. ep 29 steps:299 reward: 267.52
2024-05-11 00:51:11.678 | INFO     | __main__:test_mode:306 - test mode. ep 30 steps:330 reward: 141.45
2024-05-11 00:51:11.748 | INFO     | __main__:test_mode:306 - test mode. ep 31 steps:263 reward: 263.07
2024-05-11 00:51:11.802 | INFO     | __main__:test_mode:306 - test mode. ep 32 steps:199 reward: 270.23
2024-05-11 00:51:11.893 | INFO     | __main__:test_mode:306 - test mode. ep 33 steps:330 reward: 109.03
2024-05-11 00:51:11.962 | INFO     | __main__:test_mode:306 - test mode. ep 34 steps:259 reward: 270.48
2024-05-11 00:51:12.044 | INFO     | __main__:test_mode:306 - test mode. ep 35 steps:302 reward: 280.29
2024-05-11 00:51:12.133 | INFO     | __main__:test_mode:306 - test mode. ep 36 steps:330 reward: 188.66
2024-05-11 00:51:12.197 | INFO     | __main__:test_mode:306 - test mode. ep 37 steps:239 reward: 244.63
2024-05-11 00:51:12.259 | INFO     | __main__:test_mode:306 - test mode. ep 38 steps:231 reward: 228.60
2024-05-11 00:51:12.349 | INFO     | __main__:test_mode:306 - test mode. ep 39 steps:330 reward: 179.38
2024-05-11 00:51:12.422 | INFO     | __main__:test_mode:306 - test mode. ep 40 steps:273 reward: 284.98
2024-05-11 00:51:12.503 | INFO     | __main__:test_mode:306 - test mode. ep 41 steps:294 reward: 294.62
2024-05-11 00:51:12.572 | INFO     | __main__:test_mode:306 - test mode. ep 42 steps:252 reward: 262.63
2024-05-11 00:51:12.637 | INFO     | __main__:test_mode:306 - test mode. ep 43 steps:243 reward: 268.27
2024-05-11 00:51:12.699 | INFO     | __main__:test_mode:306 - test mode. ep 44 steps:227 reward: 282.25
2024-05-11 00:51:12.770 | INFO     | __main__:test_mode:306 - test mode. ep 45 steps:261 reward: 266.17
2024-05-11 00:51:12.850 | INFO     | __main__:test_mode:306 - test mode. ep 46 steps:302 reward: 246.41
2024-05-11 00:51:12.921 | INFO     | __main__:test_mode:306 - test mode. ep 47 steps:262 reward: 281.17
2024-05-11 00:51:13.004 | INFO     | __main__:test_mode:306 - test mode. ep 48 steps:313 reward: 264.73
2024-05-11 00:51:13.057 | INFO     | __main__:test_mode:306 - test mode. ep 49 steps:193 reward:  68.48
2024-05-11 00:51:13.146 | INFO     | __main__:test_mode:306 - test mode. ep 50 steps:330 reward: 143.81
2024-05-11 00:51:13.210 | INFO     | __main__:test_mode:306 - test mode. ep 51 steps:237 reward: 262.27
2024-05-11 00:51:13.280 | INFO     | __main__:test_mode:306 - test mode. ep 52 steps:264 reward: 247.56
2024-05-11 00:51:13.368 | INFO     | __main__:test_mode:306 - test mode. ep 53 steps:330 reward: 154.35
2024-05-11 00:51:13.430 | INFO     | __main__:test_mode:306 - test mode. ep 54 steps:231 reward: 239.86
2024-05-11 00:51:13.513 | INFO     | __main__:test_mode:306 - test mode. ep 55 steps:303 reward: 262.81
2024-05-11 00:51:13.569 | INFO     | __main__:test_mode:306 - test mode. ep 56 steps:207 reward:  57.58
2024-05-11 00:51:13.652 | INFO     | __main__:test_mode:306 - test mode. ep 57 steps:305 reward: 256.74
2024-05-11 00:51:13.710 | INFO     | __main__:test_mode:306 - test mode. ep 58 steps:218 reward: 250.26
2024-05-11 00:51:13.779 | INFO     | __main__:test_mode:306 - test mode. ep 59 steps:255 reward: 233.19
2024-05-11 00:51:13.846 | INFO     | __main__:test_mode:306 - test mode. ep 60 steps:250 reward: 268.08
2024-05-11 00:51:13.918 | INFO     | __main__:test_mode:306 - test mode. ep 61 steps:270 reward: 277.83
2024-05-11 00:51:13.983 | INFO     | __main__:test_mode:306 - test mode. ep 62 steps:245 reward: 238.30
2024-05-11 00:51:14.069 | INFO     | __main__:test_mode:306 - test mode. ep 63 steps:312 reward: 267.87
2024-05-11 00:51:14.158 | INFO     | __main__:test_mode:306 - test mode. ep 64 steps:330 reward: 114.68
2024-05-11 00:51:14.235 | INFO     | __main__:test_mode:306 - test mode. ep 65 steps:284 reward: 286.66
2024-05-11 00:51:14.295 | INFO     | __main__:test_mode:306 - test mode. ep 66 steps:224 reward: 277.35
2024-05-11 00:51:14.370 | INFO     | __main__:test_mode:306 - test mode. ep 67 steps:278 reward: 282.78
2024-05-11 00:51:14.436 | INFO     | __main__:test_mode:306 - test mode. ep 68 steps:241 reward: 264.34
2024-05-11 00:51:14.499 | INFO     | __main__:test_mode:306 - test mode. ep 69 steps:239 reward: 252.77
2024-05-11 00:51:14.564 | INFO     | __main__:test_mode:306 - test mode. ep 70 steps:238 reward: 251.10
2024-05-11 00:51:14.652 | INFO     | __main__:test_mode:306 - test mode. ep 71 steps:330 reward: 150.69
2024-05-11 00:51:14.719 | INFO     | __main__:test_mode:306 - test mode. ep 72 steps:249 reward: 260.40
2024-05-11 00:51:14.782 | INFO     | __main__:test_mode:306 - test mode. ep 73 steps:234 reward: 270.99
2024-05-11 00:51:14.846 | INFO     | __main__:test_mode:306 - test mode. ep 74 steps:242 reward: 236.32
2024-05-11 00:51:14.907 | INFO     | __main__:test_mode:306 - test mode. ep 75 steps:225 reward: 280.11
2024-05-11 00:51:14.964 | INFO     | __main__:test_mode:306 - test mode. ep 76 steps:209 reward: 272.60
2024-05-11 00:51:15.036 | INFO     | __main__:test_mode:306 - test mode. ep 77 steps:266 reward: 273.49
2024-05-11 00:51:15.106 | INFO     | __main__:test_mode:306 - test mode. ep 78 steps:266 reward: 259.35
2024-05-11 00:51:15.263 | INFO     | __main__:test_mode:306 - test mode. ep 79 steps:282 reward: 273.16
2024-05-11 00:51:15.368 | INFO     | __main__:test_mode:306 - test mode. ep 80 steps:330 reward: 147.28
2024-05-11 00:51:15.459 | INFO     | __main__:test_mode:306 - test mode. ep 81 steps:296 reward: 252.53
2024-05-11 00:51:15.531 | INFO     | __main__:test_mode:306 - test mode. ep 82 steps:236 reward: 287.18
2024-05-11 00:51:15.604 | INFO     | __main__:test_mode:306 - test mode. ep 83 steps:263 reward: 255.15
2024-05-11 00:51:15.681 | INFO     | __main__:test_mode:306 - test mode. ep 84 steps:288 reward: 272.36
2024-05-11 00:51:15.772 | INFO     | __main__:test_mode:306 - test mode. ep 85 steps:330 reward: 196.29
2024-05-11 00:51:15.870 | INFO     | __main__:test_mode:306 - test mode. ep 86 steps:330 reward:  77.52
2024-05-11 00:51:15.946 | INFO     | __main__:test_mode:306 - test mode. ep 87 steps:240 reward: 271.46
2024-05-11 00:51:16.021 | INFO     | __main__:test_mode:306 - test mode. ep 88 steps:273 reward: 269.64
2024-05-11 00:51:16.111 | INFO     | __main__:test_mode:306 - test mode. ep 89 steps:330 reward: 151.38
2024-05-11 00:51:16.206 | INFO     | __main__:test_mode:306 - test mode. ep 90 steps:330 reward: 130.14
2024-05-11 00:51:16.299 | INFO     | __main__:test_mode:306 - test mode. ep 91 steps:319 reward: 257.40
2024-05-11 00:51:16.373 | INFO     | __main__:test_mode:306 - test mode. ep 92 steps:277 reward: 257.40
2024-05-11 00:51:16.444 | INFO     | __main__:test_mode:306 - test mode. ep 93 steps:263 reward: 244.38
2024-05-11 00:51:16.535 | INFO     | __main__:test_mode:306 - test mode. ep 94 steps:330 reward: 152.05
2024-05-11 00:51:16.610 | INFO     | __main__:test_mode:306 - test mode. ep 95 steps:281 reward: 250.93
2024-05-11 00:51:16.700 | INFO     | __main__:test_mode:306 - test mode. ep 96 steps:330 reward: 116.53
2024-05-11 00:51:16.773 | INFO     | __main__:test_mode:306 - test mode. ep 97 steps:267 reward: 243.26
2024-05-11 00:51:16.857 | INFO     | __main__:test_mode:306 - test mode. ep 98 steps:319 reward: 265.54
2024-05-11 00:51:16.930 | INFO     | __main__:test_mode:306 - test mode. ep 99 steps:266 reward: 273.98
2024-05-11 00:51:17.020 | INFO     | __main__:test_mode:306 - test mode. ep100 steps:330 reward: 177.27
2024-05-11 00:51:17.071 | INFO     | __main__:test_mode:306 - test mode. ep101 steps:188 reward: 274.61
2024-05-11 00:51:17.141 | INFO     | __main__:test_mode:306 - test mode. ep102 steps:257 reward: 282.13
2024-05-11 00:51:17.206 | INFO     | __main__:test_mode:306 - test mode. ep103 steps:241 reward: 250.09
2024-05-11 00:51:17.285 | INFO     | __main__:test_mode:306 - test mode. ep104 steps:290 reward: 246.60
2024-05-11 00:51:17.352 | INFO     | __main__:test_mode:306 - test mode. ep105 steps:234 reward: 271.95
2024-05-11 00:51:17.412 | INFO     | __main__:test_mode:306 - test mode. ep106 steps:208 reward: 281.24
2024-05-11 00:51:17.485 | INFO     | __main__:test_mode:306 - test mode. ep107 steps:261 reward: 263.81
2024-05-11 00:51:17.569 | INFO     | __main__:test_mode:306 - test mode. ep108 steps:281 reward: 253.52
2024-05-11 00:51:17.651 | INFO     | __main__:test_mode:306 - test mode. ep109 steps:284 reward: 258.13
2024-05-11 00:51:17.742 | INFO     | __main__:test_mode:306 - test mode. ep110 steps:330 reward: 167.23
2024-05-11 00:51:17.816 | INFO     | __main__:test_mode:306 - test mode. ep111 steps:244 reward: 265.51
2024-05-11 00:51:17.882 | INFO     | __main__:test_mode:306 - test mode. ep112 steps:237 reward: 262.86
2024-05-11 00:51:17.972 | INFO     | __main__:test_mode:306 - test mode. ep113 steps:330 reward: 130.68
2024-05-11 00:51:18.062 | INFO     | __main__:test_mode:306 - test mode. ep114 steps:330 reward: 145.13
2024-05-11 00:51:18.132 | INFO     | __main__:test_mode:306 - test mode. ep115 steps:256 reward: 249.57
2024-05-11 00:51:18.196 | INFO     | __main__:test_mode:306 - test mode. ep116 steps:229 reward: 213.70
2024-05-11 00:51:18.284 | INFO     | __main__:test_mode:306 - test mode. ep117 steps:330 reward: 101.87
2024-05-11 00:51:18.356 | INFO     | __main__:test_mode:306 - test mode. ep118 steps:266 reward: 267.44
2024-05-11 00:51:18.404 | INFO     | __main__:test_mode:306 - test mode. ep119 steps:178 reward: 267.26
2024-05-11 00:51:18.480 | INFO     | __main__:test_mode:306 - test mode. ep120 steps:279 reward: 251.05
2024-05-11 00:51:18.551 | INFO     | __main__:test_mode:306 - test mode. ep121 steps:265 reward: 244.33
2024-05-11 00:51:18.635 | INFO     | __main__:test_mode:306 - test mode. ep122 steps:314 reward: 259.55
2024-05-11 00:51:18.704 | INFO     | __main__:test_mode:306 - test mode. ep123 steps:260 reward: 256.15
2024-05-11 00:51:18.773 | INFO     | __main__:test_mode:306 - test mode. ep124 steps:255 reward: 270.75
2024-05-11 00:51:18.863 | INFO     | __main__:test_mode:306 - test mode. ep125 steps:330 reward: 151.21
2024-05-11 00:51:18.952 | INFO     | __main__:test_mode:306 - test mode. ep126 steps:330 reward: 146.64
2024-05-11 00:51:19.030 | INFO     | __main__:test_mode:306 - test mode. ep127 steps:280 reward: 281.42
2024-05-11 00:51:19.108 | INFO     | __main__:test_mode:306 - test mode. ep128 steps:285 reward: 258.28
2024-05-11 00:51:19.166 | INFO     | __main__:test_mode:306 - test mode. ep129 steps:207 reward:   9.21
2024-05-11 00:51:19.248 | INFO     | __main__:test_mode:306 - test mode. ep130 steps:275 reward: 296.55
2024-05-11 00:51:19.316 | INFO     | __main__:test_mode:306 - test mode. ep131 steps:243 reward: 263.06
2024-05-11 00:51:19.409 | INFO     | __main__:test_mode:306 - test mode. ep132 steps:330 reward: 131.87
2024-05-11 00:51:19.477 | INFO     | __main__:test_mode:306 - test mode. ep133 steps:235 reward: 250.29
2024-05-11 00:51:19.571 | INFO     | __main__:test_mode:306 - test mode. ep134 steps:330 reward:  87.35
2024-05-11 00:51:19.648 | INFO     | __main__:test_mode:306 - test mode. ep135 steps:276 reward: 275.86
2024-05-11 00:51:19.739 | INFO     | __main__:test_mode:306 - test mode. ep136 steps:330 reward: 276.34
2024-05-11 00:51:19.829 | INFO     | __main__:test_mode:306 - test mode. ep137 steps:316 reward: 257.35
2024-05-11 00:51:19.925 | INFO     | __main__:test_mode:306 - test mode. ep138 steps:330 reward: 166.23
2024-05-11 00:51:19.996 | INFO     | __main__:test_mode:306 - test mode. ep139 steps:251 reward: 266.02
2024-05-11 00:51:20.048 | INFO     | __main__:test_mode:306 - test mode. ep140 steps:192 reward: 288.87
2024-05-11 00:51:20.115 | INFO     | __main__:test_mode:306 - test mode. ep141 steps:249 reward: 281.08
2024-05-11 00:51:20.197 | INFO     | __main__:test_mode:306 - test mode. ep142 steps:311 reward: 265.01
2024-05-11 00:51:20.275 | INFO     | __main__:test_mode:306 - test mode. ep143 steps:258 reward: 248.56
2024-05-11 00:51:20.362 | INFO     | __main__:test_mode:306 - test mode. ep144 steps:325 reward: 291.99
2024-05-11 00:51:20.435 | INFO     | __main__:test_mode:306 - test mode. ep145 steps:268 reward: 283.75
2024-05-11 00:51:20.523 | INFO     | __main__:test_mode:306 - test mode. ep146 steps:326 reward: 272.78
2024-05-11 00:51:20.612 | INFO     | __main__:test_mode:306 - test mode. ep147 steps:320 reward: 221.54
2024-05-11 00:51:20.693 | INFO     | __main__:test_mode:306 - test mode. ep148 steps:301 reward: 257.07
2024-05-11 00:51:20.754 | INFO     | __main__:test_mode:306 - test mode. ep149 steps:228 reward: 262.51
2024-05-11 00:51:20.844 | INFO     | __main__:test_mode:306 - test mode. ep150 steps:330 reward: 102.62
2024-05-11 00:51:20.933 | INFO     | __main__:test_mode:306 - test mode. ep151 steps:330 reward: 180.84
2024-05-11 00:51:21.023 | INFO     | __main__:test_mode:306 - test mode. ep152 steps:329 reward: 267.30
2024-05-11 00:51:21.114 | INFO     | __main__:test_mode:306 - test mode. ep153 steps:330 reward: 140.64
2024-05-11 00:51:21.170 | INFO     | __main__:test_mode:306 - test mode. ep154 steps:205 reward: 275.49
2024-05-11 00:51:21.260 | INFO     | __main__:test_mode:306 - test mode. ep155 steps:330 reward: 159.04
2024-05-11 00:51:21.315 | INFO     | __main__:test_mode:306 - test mode. ep156 steps:202 reward:  30.79
2024-05-11 00:51:21.393 | INFO     | __main__:test_mode:306 - test mode. ep157 steps:279 reward: 227.59
2024-05-11 00:51:21.483 | INFO     | __main__:test_mode:306 - test mode. ep158 steps:330 reward: 140.22
2024-05-11 00:51:21.555 | INFO     | __main__:test_mode:306 - test mode. ep159 steps:260 reward: 284.33
2024-05-11 00:51:21.645 | INFO     | __main__:test_mode:306 - test mode. ep160 steps:330 reward: 118.13
2024-05-11 00:51:21.713 | INFO     | __main__:test_mode:306 - test mode. ep161 steps:245 reward: 249.46
2024-05-11 00:51:21.792 | INFO     | __main__:test_mode:306 - test mode. ep162 steps:285 reward: 253.49
2024-05-11 00:51:21.876 | INFO     | __main__:test_mode:306 - test mode. ep163 steps:299 reward: 264.25
2024-05-11 00:51:21.967 | INFO     | __main__:test_mode:306 - test mode. ep164 steps:330 reward: 173.46
2024-05-11 00:51:22.039 | INFO     | __main__:test_mode:306 - test mode. ep165 steps:265 reward: 244.12
2024-05-11 00:51:22.114 | INFO     | __main__:test_mode:306 - test mode. ep166 steps:272 reward: 259.59
2024-05-11 00:51:22.178 | INFO     | __main__:test_mode:306 - test mode. ep167 steps:230 reward:  23.94
2024-05-11 00:51:22.246 | INFO     | __main__:test_mode:306 - test mode. ep168 steps:239 reward: 265.93
2024-05-11 00:51:22.311 | INFO     | __main__:test_mode:306 - test mode. ep169 steps:234 reward: 276.35
2024-05-11 00:51:22.398 | INFO     | __main__:test_mode:306 - test mode. ep170 steps:308 reward: 246.39
2024-05-11 00:51:22.483 | INFO     | __main__:test_mode:306 - test mode. ep171 steps:303 reward: 258.05
2024-05-11 00:51:22.576 | INFO     | __main__:test_mode:306 - test mode. ep172 steps:330 reward: 113.07
2024-05-11 00:51:22.648 | INFO     | __main__:test_mode:306 - test mode. ep173 steps:254 reward: 294.06
2024-05-11 00:51:22.714 | INFO     | __main__:test_mode:306 - test mode. ep174 steps:242 reward: 247.73
2024-05-11 00:51:22.784 | INFO     | __main__:test_mode:306 - test mode. ep175 steps:251 reward: 228.48
2024-05-11 00:51:22.862 | INFO     | __main__:test_mode:306 - test mode. ep176 steps:283 reward: 264.42
2024-05-11 00:51:22.955 | INFO     | __main__:test_mode:306 - test mode. ep177 steps:330 reward:  95.75
2024-05-11 00:51:23.023 | INFO     | __main__:test_mode:306 - test mode. ep178 steps:247 reward: 256.13
2024-05-11 00:51:23.098 | INFO     | __main__:test_mode:306 - test mode. ep179 steps:273 reward: 269.39
2024-05-11 00:51:23.183 | INFO     | __main__:test_mode:306 - test mode. ep180 steps:304 reward: 223.62
2024-05-11 00:51:23.259 | INFO     | __main__:test_mode:306 - test mode. ep181 steps:273 reward: 267.10
2024-05-11 00:51:23.342 | INFO     | __main__:test_mode:306 - test mode. ep182 steps:296 reward: 250.63
2024-05-11 00:51:23.414 | INFO     | __main__:test_mode:306 - test mode. ep183 steps:259 reward: 282.75
2024-05-11 00:51:23.491 | INFO     | __main__:test_mode:306 - test mode. ep184 steps:263 reward: 268.54
2024-05-11 00:51:23.556 | INFO     | __main__:test_mode:306 - test mode. ep185 steps:235 reward: 276.77
2024-05-11 00:51:23.619 | INFO     | __main__:test_mode:306 - test mode. ep186 steps:226 reward: 258.42
2024-05-11 00:51:23.683 | INFO     | __main__:test_mode:306 - test mode. ep187 steps:232 reward: 252.19
2024-05-11 00:51:23.747 | INFO     | __main__:test_mode:306 - test mode. ep188 steps:232 reward: 280.33
2024-05-11 00:51:23.812 | INFO     | __main__:test_mode:306 - test mode. ep189 steps:238 reward: 264.47
2024-05-11 00:51:23.889 | INFO     | __main__:test_mode:306 - test mode. ep190 steps:277 reward: 269.18
2024-05-11 00:51:23.969 | INFO     | __main__:test_mode:306 - test mode. ep191 steps:285 reward: 288.77
2024-05-11 00:51:24.053 | INFO     | __main__:test_mode:306 - test mode. ep192 steps:306 reward: 265.38
2024-05-11 00:51:24.147 | INFO     | __main__:test_mode:306 - test mode. ep193 steps:330 reward: 128.43
2024-05-11 00:51:24.239 | INFO     | __main__:test_mode:306 - test mode. ep194 steps:330 reward: 191.52
2024-05-11 00:51:24.331 | INFO     | __main__:test_mode:306 - test mode. ep195 steps:330 reward:  89.74
2024-05-11 00:51:24.405 | INFO     | __main__:test_mode:306 - test mode. ep196 steps:273 reward: 280.12
2024-05-11 00:51:24.496 | INFO     | __main__:test_mode:306 - test mode. ep197 steps:330 reward: 176.12
2024-05-11 00:51:24.587 | INFO     | __main__:test_mode:306 - test mode. ep198 steps:330 reward: 129.97
2024-05-11 00:51:24.648 | INFO     | __main__:test_mode:306 - test mode. ep199 steps:212 reward: 247.27
